[12-Feb-2021 14:37:50 UTC] PHP Warning:  Division by zero in /Users/kyogurokouki/Local Sites/mspancake/app/public/wp-admin/includes/class-custom-image-header.php on line 1194
[12-Feb-2021 14:37:50 UTC] PHP Stack trace:
[12-Feb-2021 14:37:50 UTC] PHP   1. {main}() /Users/kyogurokouki/Local Sites/mspancake/app/public/wp-admin/admin-ajax.php:0
[12-Feb-2021 14:37:50 UTC] PHP   2. do_action() /Users/kyogurokouki/Local Sites/mspancake/app/public/wp-admin/admin-ajax.php:184
[12-Feb-2021 14:37:50 UTC] PHP   3. WP_Hook->do_action() /Users/kyogurokouki/Local Sites/mspancake/app/public/wp-includes/plugin.php:484
[12-Feb-2021 14:37:50 UTC] PHP   4. WP_Hook->apply_filters() /Users/kyogurokouki/Local Sites/mspancake/app/public/wp-includes/class-wp-hook.php:311
[12-Feb-2021 14:37:50 UTC] PHP   5. Custom_Image_Header->ajax_header_crop() /Users/kyogurokouki/Local Sites/mspancake/app/public/wp-includes/class-wp-hook.php:287
[12-Feb-2021 14:37:50 UTC] PHP   6. Custom_Image_Header->get_header_dimensions() /Users/kyogurokouki/Local Sites/mspancake/app/public/wp-admin/includes/class-custom-image-header.php:1300
[12-Feb-2021 14:38:20 UTC] PHP Warning:  Division by zero in /Users/kyogurokouki/Local Sites/mspancake/app/public/wp-admin/includes/class-custom-image-header.php on line 1194
[12-Feb-2021 14:38:20 UTC] PHP Stack trace:
[12-Feb-2021 14:38:20 UTC] PHP   1. {main}() /Users/kyogurokouki/Local Sites/mspancake/app/public/wp-admin/admin-ajax.php:0
[12-Feb-2021 14:38:20 UTC] PHP   2. do_action() /Users/kyogurokouki/Local Sites/mspancake/app/public/wp-admin/admin-ajax.php:184
[12-Feb-2021 14:38:20 UTC] PHP   3. WP_Hook->do_action() /Users/kyogurokouki/Local Sites/mspancake/app/public/wp-includes/plugin.php:484
[12-Feb-2021 14:38:20 UTC] PHP   4. WP_Hook->apply_filters() /Users/kyogurokouki/Local Sites/mspancake/app/public/wp-includes/class-wp-hook.php:311
[12-Feb-2021 14:38:20 UTC] PHP   5. Custom_Image_Header->ajax_header_crop() /Users/kyogurokouki/Local Sites/mspancake/app/public/wp-includes/class-wp-hook.php:287
[12-Feb-2021 14:38:20 UTC] PHP   6. Custom_Image_Header->get_header_dimensions() /Users/kyogurokouki/Local Sites/mspancake/app/public/wp-admin/includes/class-custom-image-header.php:1300
[24-Feb-2021 09:58:17 UTC] PHP Fatal error:  Uncaught Error: Call to undefined function posted_on() in /Users/kyogurokouki/Local Sites/mspancake/app/public/wp-content/themes/sydney/content-my-edition.php:34
Stack trace:
#0 /Users/kyogurokouki/Local Sites/mspancake/app/public/wp-includes/template.php(732): require()
#1 /Users/kyogurokouki/Local Sites/mspancake/app/public/wp-content/plugins/siteorigin-panels/inc/widgets/post-loop.php(461): load_template('/Users/kyogurok...', false)
#2 /Users/kyogurokouki/Local Sites/mspancake/app/public/wp-content/plugins/siteorigin-panels/inc/widgets/post-loop.php(221): SiteOrigin_Panels_Widgets_PostLoop::locate_template('content-my-edit...', true, false)
#3 /Users/kyogurokouki/Local Sites/mspancake/app/public/wp-content/plugins/siteorigin-panels/inc/renderer.php(558): SiteOrigin_Panels_Widgets_PostLoop->widget(Array, Array)
#4 /Users/kyogurokouki/Local Sites/mspancake/app/public/wp-content/plugins/siteorigin-panels/inc/renderer.php(870): SiteOrigin_Panels_Renderer->the_widget(Array, Array, 1, 0, 0, true, true, 'w60361e8 in /Users/kyogurokouki/Local Sites/mspancake/app/public/wp-content/themes/sydney/content-my-edition.php on line 34
[24-Feb-2021 09:58:48 UTC] PHP Fatal error:  Uncaught Error: Call to undefined function the_posted_on() in /Users/kyogurokouki/Local Sites/mspancake/app/public/wp-content/themes/sydney/content-my-edition.php:34
Stack trace:
#0 /Users/kyogurokouki/Local Sites/mspancake/app/public/wp-includes/template.php(732): require()
#1 /Users/kyogurokouki/Local Sites/mspancake/app/public/wp-content/plugins/siteorigin-panels/inc/widgets/post-loop.php(461): load_template('/Users/kyogurok...', false)
#2 /Users/kyogurokouki/Local Sites/mspancake/app/public/wp-content/plugins/siteorigin-panels/inc/widgets/post-loop.php(221): SiteOrigin_Panels_Widgets_PostLoop::locate_template('content-my-edit...', true, false)
#3 /Users/kyogurokouki/Local Sites/mspancake/app/public/wp-content/plugins/siteorigin-panels/inc/renderer.php(558): SiteOrigin_Panels_Widgets_PostLoop->widget(Array, Array)
#4 /Users/kyogurokouki/Local Sites/mspancake/app/public/wp-content/plugins/siteorigin-panels/inc/renderer.php(870): SiteOrigin_Panels_Renderer->the_widget(Array, Array, 1, 0, 0, true, true, 'w603 in /Users/kyogurokouki/Local Sites/mspancake/app/public/wp-content/themes/sydney/content-my-edition.php on line 34
[25-Feb-2021 03:07:58 UTC] PHP Warning:  予期しないエラーが発生しました。WordPress.org かこのサーバーの設定に何か問題があるかもしれません。問題が続くようであれば、<a href="https://ja.wordpress.org/support/forums/">サポートフォーラム</a>を参照してみてください。 (WordPress は WordPress.org との安全な接続を確立できませんでした。サーバー管理者にご連絡ください) in /Users/kyogurokouki/Local Sites/mspancake/app/public/wp-includes/update.php on line 408
[25-Feb-2021 03:07:58 UTC] PHP Stack trace:
[25-Feb-2021 03:07:58 UTC] PHP   1. {main}() /Users/kyogurokouki/Local Sites/mspancake/app/public/wp-cron.php:0
[25-Feb-2021 03:07:58 UTC] PHP   2. do_action_ref_array() /Users/kyogurokouki/Local Sites/mspancake/app/public/wp-cron.php:138
[25-Feb-2021 03:07:58 UTC] PHP   3. WP_Hook->do_action() /Users/kyogurokouki/Local Sites/mspancake/app/public/wp-includes/plugin.php:551
[25-Feb-2021 03:07:58 UTC] PHP   4. WP_Hook->apply_filters() /Users/kyogurokouki/Local Sites/mspancake/app/public/wp-includes/class-wp-hook.php:311
[25-Feb-2021 03:07:58 UTC] PHP   5. wp_update_plugins() /Users/kyogurokouki/Local Sites/mspancake/app/public/wp-includes/class-wp-hook.php:287
[25-Feb-2021 03:07:58 UTC] PHP   6. trigger_error() /Users/kyogurokouki/Local Sites/mspancake/app/public/wp-includes/update.php:408
[25-Feb-2021 03:07:58 UTC] PHP Warning:  予期しないエラーが発生しました。WordPress.org かこのサーバーの設定に何か問題があるかもしれません。問題が続くようであれば、<a href="https://ja.wordpress.org/support/forums/">サポートフォーラム</a>を参照してみてください。 (WordPress は WordPress.org との安全な接続を確立できませんでした。サーバー管理者にご連絡ください) in /Users/kyogurokouki/Local Sites/mspancake/app/public/wp-includes/update.php on line 612
[25-Feb-2021 03:07:58 UTC] PHP Stack trace:
[25-Feb-2021 03:07:58 UTC] PHP   1. {main}() /Users/kyogurokouki/Local Sites/mspancake/app/public/wp-cron.php:0
[25-Feb-2021 03:07:58 UTC] PHP   2. do_action_ref_array() /Users/kyogurokouki/Local Sites/mspancake/app/public/wp-cron.php:138
[25-Feb-2021 03:07:58 UTC] PHP   3. WP_Hook->do_action() /Users/kyogurokouki/Local Sites/mspancake/app/public/wp-includes/plugin.php:551
[25-Feb-2021 03:07:58 UTC] PHP   4. WP_Hook->apply_filters() /Users/kyogurokouki/Local Sites/mspancake/app/public/wp-includes/class-wp-hook.php:311
[25-Feb-2021 03:07:58 UTC] PHP   5. wp_update_themes() /Users/kyogurokouki/Local Sites/mspancake/app/public/wp-includes/class-wp-hook.php:287
[25-Feb-2021 03:07:58 UTC] PHP   6. trigger_error() /Users/kyogurokouki/Local Sites/mspancake/app/public/wp-includes/update.php:612
